2025-12-24 15:12:51,967 ************************ process start ***************************************
2025-12-24 15:12:52,480 涨停数：102   跌停数：8
涨幅大于5%数：306  跌幅大于5%数：27
2025-12-24 15:12:53,290 数据获取进度: 50/5791
2025-12-24 15:12:54,002 数据获取进度: 100/5791
2025-12-24 15:12:54,830 数据获取进度: 150/5791
2025-12-24 15:12:55,554 数据获取进度: 200/5791
2025-12-24 15:12:56,286 数据获取进度: 250/5791
2025-12-24 15:12:57,106 数据获取进度: 300/5791
2025-12-24 15:12:57,806 数据获取进度: 350/5791
2025-12-24 15:12:58,611 数据获取进度: 400/5791
2025-12-24 15:12:59,405 数据获取进度: 450/5791
2025-12-24 15:13:00,191 数据获取进度: 500/5791
2025-12-24 15:13:00,982 数据获取进度: 550/5791
2025-12-24 15:13:01,714 数据获取进度: 600/5791
2025-12-24 15:13:02,394 数据获取进度: 650/5791
2025-12-24 15:13:03,214 数据获取进度: 700/5791
2025-12-24 15:13:03,929 数据获取进度: 750/5791
2025-12-24 15:13:04,705 数据获取进度: 800/5791
2025-12-24 15:13:05,481 数据获取进度: 850/5791
2025-12-24 15:13:06,269 数据获取进度: 900/5791
2025-12-24 15:13:06,987 数据获取进度: 950/5791
2025-12-24 15:13:07,704 数据获取进度: 1000/5791
2025-12-24 15:13:08,387 数据获取进度: 1050/5791
2025-12-24 15:13:09,108 数据获取进度: 1100/5791
2025-12-24 15:13:09,890 数据获取进度: 1150/5791
2025-12-24 15:13:10,601 数据获取进度: 1200/5791
2025-12-24 15:13:11,313 数据获取进度: 1250/5791
2025-12-24 15:13:12,107 数据获取进度: 1300/5791
2025-12-24 15:13:12,854 数据获取进度: 1350/5791
2025-12-24 15:13:13,721 数据获取进度: 1400/5791
2025-12-24 15:13:14,403 数据获取进度: 1450/5791
2025-12-24 15:13:15,136 数据获取进度: 1500/5791
2025-12-24 15:13:15,869 数据获取进度: 1550/5791
2025-12-24 15:13:16,574 数据获取进度: 1600/5791
2025-12-24 15:13:17,349 数据获取进度: 1650/5791
2025-12-24 15:13:18,010 数据获取进度: 1700/5791
2025-12-24 15:13:18,919 数据获取进度: 1750/5791
2025-12-24 15:13:19,687 数据获取进度: 1800/5791
2025-12-24 15:13:20,419 数据获取进度: 1850/5791
2025-12-24 15:13:21,103 数据获取进度: 1900/5791
2025-12-24 15:13:21,804 数据获取进度: 1950/5791
2025-12-24 15:13:22,661 数据获取进度: 2000/5791
2025-12-24 15:13:23,368 数据获取进度: 2050/5791
2025-12-24 15:13:24,262 数据获取进度: 2100/5791
2025-12-24 15:13:25,050 数据获取进度: 2150/5791
2025-12-24 15:13:25,804 数据获取进度: 2200/5791
2025-12-24 15:13:26,523 数据获取进度: 2250/5791
2025-12-24 15:13:27,212 数据获取进度: 2300/5791
2025-12-24 15:13:27,969 数据获取进度: 2350/5791
2025-12-24 15:13:28,683 数据获取进度: 2400/5791
2025-12-24 15:13:29,403 数据获取进度: 2450/5791
2025-12-24 15:13:30,151 数据获取进度: 2500/5791
2025-12-24 15:13:31,013 数据获取进度: 2550/5791
2025-12-24 15:13:31,678 数据获取进度: 2600/5791
2025-12-24 15:13:32,398 数据获取进度: 2650/5791
2025-12-24 15:13:33,107 数据获取进度: 2700/5791
2025-12-24 15:13:33,801 数据获取进度: 2750/5791
2025-12-24 15:13:34,559 数据获取进度: 2800/5791
2025-12-24 15:13:35,303 数据获取进度: 2850/5791
2025-12-24 15:13:35,995 数据获取进度: 2900/5791
2025-12-24 15:13:36,702 数据获取进度: 2950/5791
2025-12-24 15:13:37,490 数据获取进度: 3000/5791
2025-12-24 15:13:38,226 数据获取进度: 3050/5791
2025-12-24 15:13:39,164 数据获取进度: 3100/5791
2025-12-24 15:13:39,891 数据获取进度: 3150/5791
2025-12-24 15:13:40,580 数据获取进度: 3200/5791
2025-12-24 15:13:41,315 数据获取进度: 3250/5791
2025-12-24 15:13:42,121 数据获取进度: 3300/5791
2025-12-24 15:13:42,840 数据获取进度: 3350/5791
2025-12-24 15:13:43,518 数据获取进度: 3400/5791
2025-12-24 15:13:44,260 数据获取进度: 3450/5791
2025-12-24 15:13:44,964 数据获取进度: 3500/5791
2025-12-24 15:13:45,659 数据获取进度: 3550/5791
2025-12-24 15:13:46,368 数据获取进度: 3600/5791
2025-12-24 15:13:47,073 数据获取进度: 3650/5791
2025-12-24 15:13:47,988 数据获取进度: 3700/5791
2025-12-24 15:13:48,657 数据获取进度: 3750/5791
2025-12-24 15:13:49,348 数据获取进度: 3800/5791
2025-12-24 15:13:50,107 数据获取进度: 3850/5791
2025-12-24 15:13:50,860 数据获取进度: 3900/5791
2025-12-24 15:13:51,546 数据获取进度: 3950/5791
2025-12-24 15:13:52,323 数据获取进度: 4000/5791
2025-12-24 15:13:53,034 数据获取进度: 4050/5791
2025-12-24 15:13:53,827 数据获取进度: 4100/5791
2025-12-24 15:13:54,548 数据获取进度: 4150/5791
2025-12-24 15:13:55,284 数据获取进度: 4200/5791
2025-12-24 15:13:56,030 数据获取进度: 4250/5791
2025-12-24 15:13:56,729 数据获取进度: 4300/5791
2025-12-24 15:13:57,465 数据获取进度: 4350/5791
2025-12-24 15:13:58,495 数据获取进度: 4400/5791
2025-12-24 15:13:59,218 数据获取进度: 4450/5791
2025-12-24 15:13:59,939 数据获取进度: 4500/5791
2025-12-24 15:14:00,654 数据获取进度: 4550/5791
2025-12-24 15:14:01,386 数据获取进度: 4600/5791
2025-12-24 15:14:02,112 数据获取进度: 4650/5791
2025-12-24 15:14:02,818 数据获取进度: 4700/5791
2025-12-24 15:14:03,534 数据获取进度: 4750/5791
2025-12-24 15:14:04,272 数据获取进度: 4800/5791
2025-12-24 15:14:05,023 数据获取进度: 4850/5791
2025-12-24 15:14:05,850 数据获取进度: 4900/5791
2025-12-24 15:14:06,582 数据获取进度: 4950/5791
2025-12-24 15:14:07,324 数据获取进度: 5000/5791
2025-12-24 15:14:08,030 数据获取进度: 5050/5791
2025-12-24 15:14:08,832 数据获取进度: 5100/5791
2025-12-24 15:14:09,529 数据获取进度: 5150/5791
2025-12-24 15:14:10,279 数据获取进度: 5200/5791
2025-12-24 15:14:11,244 数据获取进度: 5250/5791
2025-12-24 15:14:11,966 数据获取进度: 5300/5791
2025-12-24 15:14:12,649 数据获取进度: 5350/5791
2025-12-24 15:14:13,397 数据获取进度: 5400/5791
2025-12-24 15:14:14,160 数据获取进度: 5450/5791
2025-12-24 15:14:14,710 数据获取进度: 5500/5791
2025-12-24 15:14:15,252 数据获取进度: 5550/5791
2025-12-24 15:14:15,790 数据获取进度: 5600/5791
2025-12-24 15:14:16,394 数据获取进度: 5650/5791
2025-12-24 15:14:16,972 数据获取进度: 5700/5791
2025-12-24 15:14:17,490 数据获取进度: 5750/5791
2025-12-24 15:14:17,924 成功获取 5633/5791 只股票的数据
2025-12-24 15:14:18,632 流动性筛选后剩余股票数量: 1382
2025-12-24 15:14:21,113 **威克夫缩量不跌** ('300131', '英唐智控')
缩量天数:4 稳定天数:4
量比:1.16 最新价:14.82

2025-12-24 15:14:21,118 **威克夫缩量不跌** ('688660', '电气风电')
缩量天数:3 稳定天数:4
量比:2.78 最新价:17.80

2025-12-24 15:14:21,124 **威克夫缩量不跌** ('688536', '思瑞浦')
缩量天数:4 稳定天数:4
量比:1.89 最新价:158.00

2025-12-24 15:14:21,126 **威克夫缩量不跌** ('002429', '兆驰股份')
缩量天数:4 稳定天数:4
量比:2.26 最新价:7.43

2025-12-24 15:14:21,127 **威克夫缩量不跌** ('600775', '南京熊猫')
缩量天数:3 稳定天数:4
量比:2.55 最新价:12.05

2025-12-24 15:14:21,167 **威克夫缩量不跌** ('002426', '胜利精密')
缩量天数:4 稳定天数:4
量比:2.95 最新价:3.51

2025-12-24 15:14:21,182 **威克夫缩量不跌** ('000880', '潍柴重机')
缩量天数:3 稳定天数:4
量比:2.39 最新价:27.95

2025-12-24 15:14:21,191 **威克夫缩量不跌** ('000811', '冰轮环境')
缩量天数:3 稳定天数:4
量比:1.34 最新价:17.72

2025-12-24 15:14:21,199 **威克夫缩量不跌** ('300129', '泰胜风能')
缩量天数:4 稳定天数:4
量比:1.17 最新价:8.93

2025-12-24 15:14:21,202 **威克夫缩量不跌** ('300775', '三角防务')
缩量天数:3 稳定天数:4
量比:1.08 最新价:29.58

2025-12-24 15:14:21,204 **威克夫缩量不跌** ('001287', '中电港')
缩量天数:3 稳定天数:4
量比:1.69 最新价:22.52

2025-12-24 15:14:21,205 **威克夫缩量不跌** ('688052', '纳芯微')
缩量天数:3 稳定天数:4
量比:1.77 最新价:160.69

2025-12-24 15:14:21,213 **威克夫缩量不跌** ('300724', '捷佳伟创')
缩量天数:3 稳定天数:4
量比:1.64 最新价:93.98

2025-12-24 15:14:21,217 **威克夫缩量不跌** ('300622', '博士眼镜')
缩量天数:3 稳定天数:4
量比:1.28 最新价:31.24

2025-12-24 15:14:21,228 **威克夫缩量不跌** ('300327', '中颖电子')
缩量天数:4 稳定天数:4
量比:1.12 最新价:29.07

2025-12-24 15:14:21,229 **威克夫缩量不跌** ('601890', '亚星锚链')
缩量天数:4 稳定天数:4
量比:0.93 最新价:10.27

2025-12-24 15:14:21,229 **威克夫缩量不跌** ('600619', '海立股份')
缩量天数:4 稳定天数:4
量比:1.52 最新价:21.02

2025-12-24 15:14:21,231 **威克夫缩量不跌** ('600586', '金晶科技')
缩量天数:3 稳定天数:4
量比:1.50 最新价:5.80

2025-12-24 15:14:21,245 **威克夫缩量不跌** ('002218', '拓日新能')
缩量天数:4 稳定天数:4
量比:0.73 最新价:4.25

2025-12-24 15:14:21,258 **威克夫缩量不跌** ('300503', '昊志机电')
缩量天数:4 稳定天数:4
量比:0.60 最新价:36.18

2025-12-24 15:14:21,260 **威克夫缩量不跌** ('002273', '水晶光电')
缩量天数:4 稳定天数:4
量比:1.38 最新价:25.19

2025-12-24 15:14:21,262 **威克夫缩量不跌** ('603185', '弘元绿能')
缩量天数:4 稳定天数:4
量比:1.01 最新价:30.48

2025-12-24 15:14:21,268 **威克夫缩量不跌** ('300199', '翰宇药业')
缩量天数:3 稳定天数:4
量比:2.13 最新价:18.71

2025-12-24 15:14:21,274 **威克夫缩量不跌** ('002506', '协鑫集成')
缩量天数:4 稳定天数:4
量比:0.86 最新价:2.65

2025-12-24 15:14:21,287 **威克夫缩量不跌** ('000039', '中集集团')
缩量天数:3 稳定天数:4
量比:0.89 最新价:9.70

2025-12-24 15:14:21,288 **威克夫缩量不跌** ('603978', '深圳新星')
缩量天数:3 稳定天数:4
量比:2.12 最新价:29.11

2025-12-24 15:14:21,288 **威克夫缩量不跌** ('002131', '利欧股份')
缩量天数:3 稳定天数:5
量比:2.12 最新价:5.24

2025-12-24 15:14:21,290 **威克夫缩量不跌** ('002298', '中电鑫龙')
缩量天数:4 稳定天数:5
量比:1.21 最新价:10.49

2025-12-24 15:14:21,293 **威克夫缩量不跌** ('600135', '乐凯胶片')
缩量天数:3 稳定天数:4
量比:0.78 最新价:8.93

2025-12-24 15:14:21,295 **威克夫缩量不跌** ('600255', '鑫科材料')
缩量天数:5 稳定天数:4
量比:0.61 最新价:3.97

2025-12-24 15:14:21,299 **威克夫缩量不跌** ('002264', '新 华 都')
缩量天数:4 稳定天数:4
量比:0.63 最新价:9.41

2025-12-24 15:14:21,320 **威克夫缩量不跌** ('300672', '国科微')
缩量天数:3 稳定天数:4
量比:1.07 最新价:104.66

2025-12-24 15:14:21,335 **威克夫缩量不跌** ('300570', '太辰光')
缩量天数:4 稳定天数:4
量比:1.03 最新价:121.48

2025-12-24 15:14:21,337 **威克夫缩量不跌** ('688499', '利元亨')
缩量天数:3 稳定天数:4
量比:0.91 最新价:57.89

2025-12-24 15:14:21,339 **威克夫缩量不跌** ('600163', '中闽能源')
缩量天数:4 稳定天数:5
量比:0.53 最新价:5.99

2025-12-24 15:14:21,349 **威克夫缩量不跌** ('002475', '立讯精密')
缩量天数:4 稳定天数:5
量比:0.92 最新价:59.29

2025-12-24 15:14:21,351 **威克夫缩量不跌** ('002498', '汉缆股份')
缩量天数:3 稳定天数:5
量比:0.84 最新价:3.89

2025-12-24 15:14:21,356 **威克夫缩量不跌** ('601377', '兴业证券')
缩量天数:3 稳定天数:5
量比:0.76 最新价:7.44

2025-12-24 15:14:21,359 **威克夫缩量不跌** ('600703', '三安光电')
缩量天数:3 稳定天数:5
量比:1.00 最新价:13.48

2025-12-24 15:14:21,366 **威克夫缩量不跌** ('300111', '向日葵')
缩量天数:3 稳定天数:4
量比:0.91 最新价:7.21

2025-12-24 15:14:21,375 **威克夫缩量不跌** ('300433', '蓝思科技')
缩量天数:4 稳定天数:4
量比:0.77 最新价:28.98

2025-12-24 15:14:21,377 **威克夫缩量不跌** ('600873', '梅花生物')
缩量天数:4 稳定天数:5
量比:1.37 最新价:10.22

2025-12-24 15:14:21,394 **威克夫缩量不跌** ('600482', '中国动力')
缩量天数:4 稳定天数:5
量比:1.05 最新价:20.68

2025-12-24 15:14:21,410 **威克夫缩量不跌** ('002445', '中南文化')
缩量天数:4 稳定天数:5
量比:0.47 最新价:2.63

2025-12-24 15:14:21,411 **威克夫缩量不跌** ('301329', '信音电子')
缩量天数:4 稳定天数:4
量比:0.61 最新价:24.17

2025-12-24 15:14:21,415 **威克夫缩量不跌** ('002130', '沃尔核材')
缩量天数:3 稳定天数:4
量比:0.83 最新价:27.00

2025-12-24 15:14:21,423 **威克夫缩量不跌** ('002379', '宏创控股')
缩量天数:3 稳定天数:4
量比:0.75 最新价:23.15

2025-12-24 15:14:21,427 **威克夫缩量不跌** ('300192', '科德教育')
缩量天数:4 稳定天数:4
量比:0.56 最新价:20.67

2025-12-24 15:14:21,430 **威克夫缩量不跌** ('603077', '和邦生物')
缩量天数:4 稳定天数:4
量比:0.59 最新价:2.26

2025-12-24 15:14:21,434 **威克夫缩量不跌** ('300303', '聚飞光电')
缩量天数:3 稳定天数:5
量比:0.76 最新价:6.98

2025-12-24 15:14:21,434 **威克夫缩量不跌** ('002578', '闽发铝业')
缩量天数:4 稳定天数:4
量比:0.66 最新价:4.63

2025-12-24 15:14:21,443 **威克夫缩量不跌** ('603650', '彤程新材')
缩量天数:3 稳定天数:4
量比:0.76 最新价:47.03

2025-12-24 15:14:21,445 **威克夫缩量不跌** ('300763', '锦浪科技')
缩量天数:3 稳定天数:5
量比:1.18 最新价:72.29

2025-12-24 15:14:21,451 **威克夫缩量不跌** ('688036', '传音控股')
缩量天数:5 稳定天数:4
量比:0.48 最新价:69.10

2025-12-24 15:14:21,453 **威克夫缩量不跌** ('301196', '唯科科技')
缩量天数:3 稳定天数:4
量比:0.65 最新价:77.25

2025-12-24 15:14:21,455 **威克夫缩量不跌** ('688047', '龙芯中科')
缩量天数:4 稳定天数:5
量比:0.69 最新价:137.30

2025-12-24 15:14:21,467 **威克夫缩量不跌** ('001296', '长江材料')
缩量天数:4 稳定天数:5
量比:0.48 最新价:27.71

2025-12-24 15:14:21,468 **威克夫缩量不跌** ('002430', '杭氧股份')
缩量天数:3 稳定天数:4
量比:0.77 最新价:29.88

2025-12-24 15:14:21,477 **威克夫缩量不跌** ('000686', '东北证券')
缩量天数:4 稳定天数:5
量比:0.62 最新价:9.24

2025-12-24 15:14:21,478 **威克夫缩量不跌** ('002366', '融发核电')
缩量天数:3 稳定天数:4
量比:0.60 最新价:7.29

2025-12-24 15:14:21,482 **威克夫缩量不跌** ('300087', '荃银高科')
缩量天数:3 稳定天数:5
量比:1.03 最新价:11.58

2025-12-24 15:14:21,492 **威克夫缩量不跌** ('002585', '双星新材')
缩量天数:3 稳定天数:5
量比:1.02 最新价:6.78

2025-12-24 15:14:21,501 **威克夫缩量不跌** ('688800', '瑞可达')
缩量天数:3 稳定天数:4
量比:0.77 最新价:80.26

2025-12-24 15:14:21,504 **威克夫缩量不跌** ('688372', '伟测科技')
缩量天数:3 稳定天数:4
量比:0.89 最新价:103.30

2025-12-24 15:14:21,505 **威克夫缩量不跌** ('300059', '东方财富')
缩量天数:4 稳定天数:5
量比:0.86 最新价:23.20

2025-12-24 15:14:21,509 **威克夫缩量不跌** ('300496', '中科创达')
缩量天数:3 稳定天数:5
量比:0.66 最新价:66.30

2025-12-24 15:14:21,511 **威克夫缩量不跌** ('000932', '华菱钢铁')
缩量天数:4 稳定天数:5
量比:0.80 最新价:5.60

2025-12-24 15:14:21,522 **威克夫缩量不跌** ('601901', '方正证券')
缩量天数:3 稳定天数:5
量比:0.68 最新价:7.78

2025-12-24 15:14:21,528 **威克夫缩量不跌** ('601012', '隆基绿能')
缩量天数:4 稳定天数:5
量比:0.75 最新价:18.13

2025-12-24 15:14:21,529 **威克夫缩量不跌** ('002736', '国信证券')
缩量天数:3 稳定天数:5
量比:0.63 最新价:13.19

2025-12-24 15:14:21,541 **威克夫缩量不跌** ('300474', '景嘉微')
缩量天数:3 稳定天数:4
量比:0.57 最新价:74.78

2025-12-24 15:14:21,545 **威克夫缩量不跌** ('000783', '长江证券')
缩量天数:4 稳定天数:5
量比:0.78 最新价:8.15

2025-12-24 15:14:21,548 **威克夫缩量不跌** ('300913', '兆龙互连')
缩量天数:3 稳定天数:4
量比:0.77 最新价:55.90

2025-12-24 15:14:21,551 **威克夫缩量不跌** ('300024', '机器人')
缩量天数:4 稳定天数:5
量比:0.63 最新价:17.25

2025-12-24 15:14:21,562 **威克夫缩量不跌** ('300660', '江苏雷利')
缩量天数:3 稳定天数:4
量比:0.55 最新价:48.85

2025-12-24 15:14:21,563 **威克夫缩量不跌** ('002050', '三花智控')
缩量天数:3 稳定天数:4
量比:0.61 最新价:45.08

2025-12-24 15:14:21,574 **威克夫缩量不跌** ('000933', '神火股份')
缩量天数:3 稳定天数:4
量比:0.64 最新价:26.88

2025-12-24 15:14:21,575 **威克夫缩量不跌** ('688235', '百济神州-U')
缩量天数:4 稳定天数:5
量比:0.72 最新价:277.92

2025-12-24 15:14:21,585 **威克夫缩量不跌** ('001267', '汇绿生态')
缩量天数:5 稳定天数:4
量比:0.59 最新价:21.54

2025-12-24 15:14:21,595 **威克夫缩量不跌** ('002056', '横店东磁')
缩量天数:3 稳定天数:5
量比:0.79 最新价:19.98

2025-12-24 15:14:21,607 **威克夫缩量不跌** ('300442', '润泽科技')
缩量天数:4 稳定天数:4
量比:0.68 最新价:50.53

2025-12-24 15:14:21,610 **威克夫缩量不跌** ('600958', '东方证券')
缩量天数:3 稳定天数:5
量比:0.79 最新价:10.75

2025-12-24 15:14:21,612 **威克夫缩量不跌** ('002353', '杰瑞股份')
缩量天数:3 稳定天数:5
量比:0.59 最新价:71.03

2025-12-24 15:14:21,615 **威克夫缩量不跌** ('688615', '合合信息')
缩量天数:5 稳定天数:5
量比:0.60 最新价:213.93

2025-12-24 15:14:21,622 **威克夫缩量不跌** ('000157', '中联重科')
缩量天数:3 稳定天数:5
量比:0.69 最新价:8.45

2025-12-24 15:14:21,624 **威克夫缩量不跌** ('002595', '豪迈科技')
缩量天数:4 稳定天数:5
量比:0.60 最新价:83.12

2025-12-24 15:14:21,630 **威克夫缩量不跌** ('600332', '白云山')
缩量天数:3 稳定天数:5
量比:0.54 最新价:25.83

2025-12-24 15:14:21,641 **威克夫缩量不跌** ('000422', '湖北宜化')
缩量天数:4 稳定天数:5
量比:0.77 最新价:14.31

2025-12-24 15:14:21,656 **威克夫缩量不跌** ('603667', '五洲新春')
缩量天数:3 稳定天数:5
量比:0.53 最新价:49.72

2025-12-24 15:14:21,667 **威克夫缩量不跌** ('002271', '东方雨虹')
缩量天数:5 稳定天数:5
量比:0.63 最新价:13.49

2025-12-24 15:14:21,671 **威克夫缩量不跌** ('600885', '宏发股份')
缩量天数:3 稳定天数:4
量比:0.70 最新价:30.37

2025-12-24 15:14:21,791 **威克夫缩量不跌** ('300490', '华自科技')
缩量天数:3 稳定天数:4
量比:1.45 最新价:12.58

2025-12-24 15:14:21,814 **************"威克夫-缩量不跌"**************
[('300131', '英唐智控'), ('688660', '电气风电'), ('688536', '思瑞浦'), ('002429', '兆驰股份'), ('600775', '南京熊猫'), ('002426', '胜利精密'), ('000880', '潍柴重机'), ('000811', '冰轮环境'), ('300129', '泰胜风能'), ('300775', '三角防务'), ('001287', '中电港'), ('688052', '纳芯微'), ('300724', '捷佳伟创'), ('300622', '博士眼镜'), ('300327', '中颖电子'), ('601890', '亚星锚链'), ('600619', '海立股份'), ('600586', '金晶科技'), ('002218', '拓日新能'), ('300503', '昊志机电'), ('002273', '水晶光电'), ('603185', '弘元绿能'), ('300199', '翰宇药业'), ('002506', '协鑫集成'), ('000039', '中集集团'), ('603978', '深圳新星'), ('002131', '利欧股份'), ('002298', '中电鑫龙'), ('600135', '乐凯胶片'), ('600255', '鑫科材料'), ('002264', '新 华 都'), ('300672', '国科微'), ('300570', '太辰光'), ('688499', '利元亨'), ('600163', '中闽能源'), ('002475', '立讯精密'), ('002498', '汉缆股份'), ('601377', '兴业证券'), ('600703', '三安光电'), ('300111', '向日葵'), ('300433', '蓝思科技'), ('600873', '梅花生物'), ('600482', '中国动力'), ('002445', '中南文化'), ('301329', '信音电子'), ('002130', '沃尔核材'), ('002379', '宏创控股'), ('300192', '科德教育'), ('603077', '和邦生物'), ('300303', '聚飞光电'), ('002578', '闽发铝业'), ('603650', '彤程新材'), ('300763', '锦浪科技'), ('688036', '传音控股'), ('301196', '唯科科技'), ('688047', '龙芯中科'), ('001296', '长江材料'), ('002430', '杭氧股份'), ('000686', '东北证券'), ('002366', '融发核电'), ('300087', '荃银高科'), ('002585', '双星新材'), ('688800', '瑞可达'), ('688372', '伟测科技'), ('300059', '东方财富'), ('300496', '中科创达'), ('000932', '华菱钢铁'), ('601901', '方正证券'), ('601012', '隆基绿能'), ('002736', '国信证券'), ('300474', '景嘉微'), ('000783', '长江证券'), ('300913', '兆龙互连'), ('300024', '机器人'), ('300660', '江苏雷利'), ('002050', '三花智控'), ('000933', '神火股份'), ('688235', '百济神州-U'), ('001267', '汇绿生态'), ('002056', '横店东磁'), ('300442', '润泽科技'), ('600958', '东方证券'), ('002353', '杰瑞股份'), ('688615', '合合信息'), ('000157', '中联重科'), ('002595', '豪迈科技'), ('600332', '白云山'), ('000422', '湖北宜化'), ('603667', '五洲新春'), ('002271', '东方雨虹'), ('600885', '宏发股份'), ('300490', '华自科技')]
**************"威克夫-缩量不跌"**************

2025-12-24 15:14:23,847 **威克夫SC反弹** ('688109', '品茗科技')
SC日期:2025-12-15 跌幅:-18.67%
SC成交量:5万 当前涨幅:13.10%

2025-12-24 15:14:23,875 **威克夫SC反弹** ('002752', '昇兴股份')
SC日期:2025-12-11 跌幅:-9.59%
SC成交量:130万 当前涨幅:10.01%

2025-12-24 15:14:23,906 **威克夫SC反弹** ('603031', '安孚科技')
SC日期:2025-12-16 跌幅:-9.93%
SC成交量:22万 当前涨幅:8.16%

2025-12-24 15:14:23,939 **威克夫SC反弹** ('300427', '红相股份')
SC日期:2025-11-20 跌幅:-11.47%
SC成交量:145万 当前涨幅:5.99%

2025-12-24 15:14:24,763 **************"威克夫-SC反弹"**************
[('688109', '品茗科技'), ('002752', '昇兴股份'), ('603031', '安孚科技'), ('300427', '红相股份')]
**************"威克夫-SC反弹"**************

2025-12-24 15:14:29,268 ************************ process   end ***************************************
